This is pdfTeX, Version 3.14159265-2.6-1.40.18 (TeX Live 2017/Debian) (preloaded format=pdflatex 2019.10.24)  24 OCT 2019 17:13
entering extended mode
 restricted \write18 enabled.
 %&-line parsing enabled.
**documentation.tex
(./documentation.tex
LaTeX2e <2017-04-15>
Babel <3.18> and hyphenation patterns for 9 language(s) loaded.
(/usr/share/texlive/texmf-dist/tex/latex/base/report.cls
Document Class: report 2014/09/29 v1.4h Standard LaTeX document class
(/usr/share/texlive/texmf-dist/tex/latex/base/size10.clo
File: size10.clo 2014/09/29 v1.4h Standard LaTeX file (size option)
)
\c@part=\count79
\c@chapter=\count80
\c@section=\count81
\c@subsection=\count82
\c@subsubsection=\count83
\c@paragraph=\count84
\c@subparagraph=\count85
\c@figure=\count86
\c@table=\count87
\abovecaptionskip=\skip41
\belowcaptionskip=\skip42
\bibindent=\dimen102
)
(/usr/share/texlive/texmf-dist/tex/latex/graphics/graphicx.sty
Package: graphicx 2017/06/01 v1.1a Enhanced LaTeX Graphics (DPC,SPQR)

(/usr/share/texlive/texmf-dist/tex/latex/graphics/keyval.sty
Package: keyval 2014/10/28 v1.15 key=value parser (DPC)
\KV@toks@=\toks14
)
(/usr/share/texlive/texmf-dist/tex/latex/graphics/graphics.sty
Package: graphics 2017/06/25 v1.2c Standard LaTeX Graphics (DPC,SPQR)

(/usr/share/texlive/texmf-dist/tex/latex/graphics/trig.sty
Package: trig 2016/01/03 v1.10 sin cos tan (DPC)
)
(/usr/share/texlive/texmf-dist/tex/latex/graphics-cfg/graphics.cfg
File: graphics.cfg 2016/06/04 v1.11 sample graphics configuration
)
Package graphics Info: Driver file: pdftex.def on input line 99.

(/usr/share/texlive/texmf-dist/tex/latex/graphics-def/pdftex.def
File: pdftex.def 2018/01/08 v1.0l Graphics/color driver for pdftex
))
\Gin@req@height=\dimen103
\Gin@req@width=\dimen104
)
(/usr/share/texlive/texmf-dist/tex/latex/tocbibind/tocbibind.sty
Package: tocbibind 2010/10/13 v1.5k extra ToC listings
Package tocbibind Info: The document has chapter divisions on input line 50.


Package tocbibind Note: Using chapter style headings, unless overridden.

) (/usr/share/texlive/texmf-dist/tex/latex/blindtext/blindtext.sty
Package: blindtext 2012/01/06 V2.0 blindtext-Package

(/usr/share/texlive/texmf-dist/tex/latex/tools/xspace.sty
Package: xspace 2014/10/28 v1.13 Space after command names (DPC,MH)
)
\c@blindtext=\count88
\c@Blindtext=\count89
\c@blind@countparstart=\count90
\blind@countxx=\count91
\blindtext@numBlindtext=\count92
\blind@countyy=\count93
\c@blindlist=\count94
\c@blindlistlevel=\count95
\c@blindlist@level=\count96
\blind@listitem=\count97
\c@blind@listcount=\count98
\c@blind@levelcount=\count99
\blind@mathformula=\count100
\blind@Mathformula=\count101
\c@blind@randomcount=\count102
\c@blind@randommax=\count103
\c@blind@pangramcount=\count104
\c@blind@pangrammax=\count105
)
(/usr/share/texlive/texmf-dist/tex/latex/booktabs/booktabs.sty
Package: booktabs 2016/04/27 v1.618033 publication quality tables
\heavyrulewidth=\dimen105
\lightrulewidth=\dimen106
\cmidrulewidth=\dimen107
\belowrulesep=\dimen108
\belowbottomsep=\dimen109
\aboverulesep=\dimen110
\abovetopsep=\dimen111
\cmidrulesep=\dimen112
\cmidrulekern=\dimen113
\defaultaddspace=\dimen114
\@cmidla=\count106
\@cmidlb=\count107
\@aboverulesep=\dimen115
\@belowrulesep=\dimen116
\@thisruleclass=\count108
\@lastruleclass=\count109
\@thisrulewidth=\dimen117
)
(/usr/share/texlive/texmf-dist/tex/latex/geometry/geometry.sty
Package: geometry 2010/09/12 v5.6 Page Geometry

(/usr/share/texlive/texmf-dist/tex/generic/oberdiek/ifpdf.sty
Package: ifpdf 2017/03/15 v3.2 Provides the ifpdf switch
)
(/usr/share/texlive/texmf-dist/tex/generic/oberdiek/ifvtex.sty
Package: ifvtex 2016/05/16 v1.6 Detect VTeX and its facilities (HO)
Package ifvtex Info: VTeX not detected.
)
(/usr/share/texlive/texmf-dist/tex/generic/ifxetex/ifxetex.sty
Package: ifxetex 2010/09/12 v0.6 Provides ifxetex conditional
)
\Gm@cnth=\count110
\Gm@cntv=\count111
\c@Gm@tempcnt=\count112
\Gm@bindingoffset=\dimen118
\Gm@wd@mp=\dimen119
\Gm@odd@mp=\dimen120
\Gm@even@mp=\dimen121
\Gm@layoutwidth=\dimen122
\Gm@layoutheight=\dimen123
\Gm@layouthoffset=\dimen124
\Gm@layoutvoffset=\dimen125
\Gm@dimlist=\toks15
)

Package geometry Warning: Over-specification in `h'-direction.
    `width' (483.69684pt) is ignored.

(/usr/share/texlive/texmf-dist/tex/latex/tools/array.sty
Package: array 2016/10/06 v2.4d Tabular extension package (FMi)
\col@sep=\dimen126
\extrarowheight=\dimen127
\NC@list=\toks16
\extratabsurround=\skip43
\backup@length=\skip44
) (./documentation.aux)
\openout1 = `documentation.aux'.

LaTeX Font Info:    Checking defaults for OML/cmm/m/it on input line 18.
LaTeX Font Info:    ... okay on input line 18.
LaTeX Font Info:    Checking defaults for T1/cmr/m/n on input line 18.
LaTeX Font Info:    ... okay on input line 18.
LaTeX Font Info:    Checking defaults for OT1/cmr/m/n on input line 18.
LaTeX Font Info:    ... okay on input line 18.
LaTeX Font Info:    Checking defaults for OMS/cmsy/m/n on input line 18.
LaTeX Font Info:    ... okay on input line 18.
LaTeX Font Info:    Checking defaults for OMX/cmex/m/n on input line 18.
LaTeX Font Info:    ... okay on input line 18.
LaTeX Font Info:    Checking defaults for U/cmr/m/n on input line 18.
LaTeX Font Info:    ... okay on input line 18.
(/usr/share/texlive/texmf-dist/tex/context/base/mkii/supp-pdf.mkii
[Loading MPS to PDF converter (version 2006.09.02).]
\scratchcounter=\count113
\scratchdimen=\dimen128
\scratchbox=\box26
\nofMPsegments=\count114
\nofMParguments=\count115
\everyMPshowfont=\toks17
\MPscratchCnt=\count116
\MPscratchDim=\dimen129
\MPnumerator=\count117
\makeMPintoPDFobject=\count118
\everyMPtoPDFconversion=\toks18
) (/usr/share/texlive/texmf-dist/tex/latex/oberdiek/epstopdf-base.sty
Package: epstopdf-base 2016/05/15 v2.6 Base part for package epstopdf

(/usr/share/texlive/texmf-dist/tex/generic/oberdiek/infwarerr.sty
Package: infwarerr 2016/05/16 v1.4 Providing info/warning/error messages (HO)
)
(/usr/share/texlive/texmf-dist/tex/latex/oberdiek/grfext.sty
Package: grfext 2016/05/16 v1.2 Manage graphics extensions (HO)

(/usr/share/texlive/texmf-dist/tex/generic/oberdiek/kvdefinekeys.sty
Package: kvdefinekeys 2016/05/16 v1.4 Define keys (HO)

(/usr/share/texlive/texmf-dist/tex/generic/oberdiek/ltxcmds.sty
Package: ltxcmds 2016/05/16 v1.23 LaTeX kernel commands for general use (HO)
)))
(/usr/share/texlive/texmf-dist/tex/latex/oberdiek/kvoptions.sty
Package: kvoptions 2016/05/16 v3.12 Key value format for package options (HO)

(/usr/share/texlive/texmf-dist/tex/generic/oberdiek/kvsetkeys.sty
Package: kvsetkeys 2016/05/16 v1.17 Key value parser (HO)

(/usr/share/texlive/texmf-dist/tex/generic/oberdiek/etexcmds.sty
Package: etexcmds 2016/05/16 v1.6 Avoid name clashes with e-TeX commands (HO)

(/usr/share/texlive/texmf-dist/tex/generic/oberdiek/ifluatex.sty
Package: ifluatex 2016/05/16 v1.4 Provides the ifluatex switch (HO)
Package ifluatex Info: LuaTeX not detected.
)
Package etexcmds Info: Could not find \expanded.
(etexcmds)             That can mean that you are not using pdfTeX 1.50 or
(etexcmds)             that some package has redefined \expanded.
(etexcmds)             In the latter case, load this package earlier.
)))
(/usr/share/texlive/texmf-dist/tex/generic/oberdiek/pdftexcmds.sty
Package: pdftexcmds 2018/01/21 v0.26 Utility functions of pdfTeX for LuaTeX (HO
)
Package pdftexcmds Info: LuaTeX not detected.
Package pdftexcmds Info: \pdf@primitive is available.
Package pdftexcmds Info: \pdf@ifprimitive is available.
Package pdftexcmds Info: \pdfdraftmode found.
)
Package epstopdf-base Info: Redefining graphics rule for `.eps' on input line 4
38.
Package grfext Info: Graphics extension search list:
(grfext)             [.pdf,.png,.jpg,.mps,.jpeg,.jbig2,.jb2,.PDF,.PNG,.JPG,.JPE
G,.JBIG2,.JB2,.eps]
(grfext)             \AppendGraphicsExtensions on input line 456.

(/usr/share/texlive/texmf-dist/tex/latex/latexconfig/epstopdf-sys.cfg
File: epstopdf-sys.cfg 2010/07/13 v1.3 Configuration of (r)epstopdf for TeX Liv
e
))
*geometry* driver: auto-detecting
*geometry* detected driver: pdftex
*geometry* verbose mode - [ preamble ] result:
* driver: pdftex
* paper: a4paper
* layout: <same size as paper>
* layoutoffset:(h,v)=(0.0pt,0.0pt)
* modes: 
* h-part:(L,W,R)=(85.35826pt, 426.79135pt, 85.35826pt)
* v-part:(T,H,B)=(56.9055pt, 731.23582pt, 56.90552pt)
* \paperwidth=597.50787pt
* \paperheight=845.04684pt
* \textwidth=426.79135pt
* \textheight=731.23582pt
* \oddsidemargin=13.08827pt
* \evensidemargin=13.08827pt
* \topmargin=-52.36449pt
* \headheight=12.0pt
* \headsep=25.0pt
* \topskip=10.0pt
* \footskip=30.0pt
* \marginparwidth=65.0pt
* \marginparsep=11.0pt
* \columnsep=10.0pt
* \skip\footins=9.0pt plus 4.0pt minus 2.0pt
* \hoffset=0.0pt
* \voffset=0.0pt
* \mag=1000
* \@twocolumnfalse
* \@twosidefalse
* \@mparswitchfalse
* \@reversemarginfalse
* (1in=72.27pt=25.4mm, 1cm=28.453pt)

<./images/unipi.png, id=1, 289.08pt x 153.57375pt>
File: ./images/unipi.png Graphic file (type png)
<use ./images/unipi.png>
Package pdftex.def Info: ./images/unipi.png  used on input line 21.
(pdftex.def)             Requested size: 213.39568pt x 113.36627pt.
[1

{/var/lib/texmf/fonts/map/pdftex/updmap/pdftex.map} <./images/unipi.png>]
(./documentation.toc
LaTeX Font Info:    External font `cmex10' loaded for size
(Font)              <7> on input line 4.
LaTeX Font Info:    External font `cmex10' loaded for size
(Font)              <5> on input line 4.
)
\tf@toc=\write3
\openout3 = `documentation.toc'.

 [1

] (./documentation.lof)
\tf@lof=\write4
\openout4 = `documentation.lof'.

 [2

]
LaTeX Font Info:    Try loading font information for OMS+cmr on input line 43.

(/usr/share/texlive/texmf-dist/tex/latex/base/omscmr.fd
File: omscmr.fd 2014/09/29 v2.5h Standard LaTeX font definitions
)
LaTeX Font Info:    Font shape `OMS/cmr/m/n' in size <10> not available
(Font)              Font shape `OMS/cmsy/m/n' tried instead on input line 43.
 [3

] [4

]
<./images/UseCaseDiagram.png, id=26, 833.1125pt x 653.44125pt>
File: ./images/UseCaseDiagram.png Graphic file (type png)
<use ./images/UseCaseDiagram.png>
Package pdftex.def Info: ./images/UseCaseDiagram.png  used on input line 87.
(pdftex.def)             Requested size: 426.79135pt x 334.74623pt.
 [5 <./images/UseCaseDiagram.png>]
Underfull \hbox (badness 10000) in paragraph at lines 105--106

 []

[6

]
Overfull \hbox (2.99399pt too wide) in paragraph at lines 145--145
[]|\OT1/cmr/bx/n/10 Relationship| 
 []


Underfull \hbox (badness 10000) in paragraph at lines 155--155
[]|\OT1/cmr/m/n/10 Exam Date
 []

<./images/ER_Diagram.png, id=37, 675.52374pt x 451.6875pt>
File: ./images/ER_Diagram.png Graphic file (type png)
<use ./images/ER_Diagram.png>
Package pdftex.def Info: ./images/ER_Diagram.png  used on input line 166.
(pdftex.def)             Requested size: 426.79135pt x 285.3779pt.
[7 <./images/ER_Diagram.png>]
<./images/ClassDiagram.png, id=42, 482.80376pt x 312.16624pt>
File: ./images/ClassDiagram.png Graphic file (type png)
<use ./images/ClassDiagram.png>
Package pdftex.def Info: ./images/ClassDiagram.png  used on input line 173.
(pdftex.def)             Requested size: 426.79135pt x 275.95988pt.
 [8

 <./images/ClassDiagram.png>]
<./images/UIStart.png, id=47, 652.4375pt x 582.175pt>
File: ./images/UIStart.png Graphic file (type png)
<use ./images/UIStart.png>
Package pdftex.def Info: ./images/UIStart.png  used on input line 182.
(pdftex.def)             Requested size: 298.75264pt x 266.58675pt.
 [9

 <./images/UIStart.png>]
<./images/AddExam.png, id=52, 650.43pt x 581.17125pt>
File: ./images/AddExam.png Graphic file (type png)
<use ./images/AddExam.png>
Package pdftex.def Info: ./images/AddExam.png  used on input line 221.
(pdftex.def)             Requested size: 298.75264pt x 266.94296pt.
<./images/AddExamDialog.png, id=53, 404.51125pt x 174.6525pt>
File: ./images/AddExamDialog.png Graphic file (type png)
<use ./images/AddExamDialog.png>
Package pdftex.def Info: ./images/AddExamDialog.png  used on input line 235.
(pdftex.def)             Requested size: 213.39568pt x 92.1363pt.


LaTeX Warning: `!h' float specifier changed to `!ht'.

<./images/AddGrade.png, id=54, 653.44125pt x 582.175pt>
File: ./images/AddGrade.png Graphic file (type png)
<use ./images/AddGrade.png>
Package pdftex.def Info: ./images/AddGrade.png  used on input line 249.
(pdftex.def)             Requested size: 298.75264pt x 266.16924pt.

LaTeX Warning: `!h' float specifier changed to `!ht'.

[10 <./images/AddExam.png>]
<./images/AddGradeDialog.png, id=60, 379.4175pt x 174.6525pt>
File: ./images/AddGradeDialog.png Graphic file (type png)
<use ./images/AddGradeDialog.png>
Package pdftex.def Info: ./images/AddGradeDialog.png  used on input line 262.
(pdftex.def)             Requested size: 213.39568pt x 98.23112pt.


LaTeX Warning: `!h' float specifier changed to `!ht'.

[11 <./images/AddExamDialog.png> <./images/AddGrade.png>]
<./images/RegisterToExam.png, id=66, 628.3475pt x 581.17125pt>
File: ./images/RegisterToExam.png Graphic file (type png)
<use ./images/RegisterToExam.png>
Package pdftex.def Info: ./images/RegisterToExam.png  used on input line 285.
(pdftex.def)             Requested size: 298.75264pt x 276.31638pt.
<./images/DeregisterToExam.png, id=67, 649.42625pt x 580.1675pt>
File: ./images/DeregisterToExam.png Graphic file (type png)
<use ./images/DeregisterToExam.png>
Package pdftex.def Info: ./images/DeregisterToExam.png  used on input line 300.

(pdftex.def)             Requested size: 298.75264pt x 266.89798pt.


LaTeX Warning: `!h' float specifier changed to `!ht'.

[12 <./images/AddGradeDialog.png> <./images/RegisterToExam.png>]
<./images/SeeGrades.png, id=74, 651.43375pt x 582.175pt>
File: ./images/SeeGrades.png Graphic file (type png)
<use ./images/SeeGrades.png>
Package pdftex.def Info: ./images/SeeGrades.png  used on input line 315.
(pdftex.def)             Requested size: 298.75264pt x 266.99538pt.


LaTeX Warning: `!h' float specifier changed to `!ht'.

[13 <./images/DeregisterToExam.png>] [14 <./images/SeeGrades.png>]

LaTeX Warning: Empty `thebibliography' environment on input line 327.

[15

] (./documentation.aux) ) 
Here is how much of TeX's memory you used:
 2383 strings out of 494805
 35239 string characters out of 6177999
 99140 words of memory out of 5000000
 5678 multiletter control sequences out of 15000+600000
 7972 words of font info for 28 fonts, out of 8000000 for 9000
 81 hyphenation exceptions out of 8191
 41i,12n,28p,280b,227s stack positions out of 5000i,500n,10000p,200000b,80000s
</usr/share/texlive/texmf-dist/fonts/type1/public/amsf
onts/cm/cmbx10.pfb></usr/share/texlive/texmf-dist/fonts/type1/public/amsfonts/c
m/cmbx12.pfb></usr/share/texlive/texmf-dist/fonts/type1/public/amsfonts/cm/cmcs
c10.pfb></usr/share/texlive/texmf-dist/fonts/type1/public/amsfonts/cm/cmmi10.pf
b></usr/share/texlive/texmf-dist/fonts/type1/public/amsfonts/cm/cmr10.pfb></usr
/share/texlive/texmf-dist/fonts/type1/public/amsfonts/cm/cmsl10.pfb></usr/share
/texlive/texmf-dist/fonts/type1/public/amsfonts/cm/cmsy10.pfb></usr/share/texli
ve/texmf-dist/fonts/type1/public/amsfonts/cm/cmti10.pfb>
Output written on documentation.pdf (16 pages, 409570 bytes).
PDF statistics:
 113 PDF objects out of 1000 (max. 8388607)
 62 compressed objects within 1 object stream
 0 named destinations out of 1000 (max. 500000)
 61 words of extra memory for PDF output out of 10000 (max. 10000000)

